2017-08-20 12:03:03,049 INFO  [Log] **************************************************************************************** 
2017-08-20 12:03:03,049 INFO  [Log] **************************************************************************************** 
2017-08-20 12:03:03,049 INFO  [Log] $$$$$$$$$$$$$$$$$$$$$                 verifyLogin       $$$$$$$$$$$$$$$$$$$$$$$$$ 
2017-08-20 12:03:03,049 INFO  [Log] **************************************************************************************** 
2017-08-20 12:03:03,050 INFO  [Log] **************************************************************************************** 
2017-08-20 12:03:03,050 INFO  [Log] User opens the browser 
2017-08-20 12:03:07,213 INFO  [Log] User navigates to application url 
2017-08-20 12:03:11,081 INFO  [Log] User enters user name 
2017-08-20 12:03:11,379 INFO  [Log] User moves to next screen to enter password 
2017-08-20 12:03:11,600 INFO  [Log] User enter password 
2017-08-20 12:03:12,607 INFO  [Log] User validates page title 
2017-08-20 12:03:12,624 INFO  [Log] Close browser 
2017-08-20 12:03:13,460 INFO  [Log] XXXXXXXXXXXXXXXXXXXXXXX             -E---N---D-             XXXXXXXXXXXXXXXXXXXXXX 
2017-08-20 12:03:13,460 INFO  [Log] X 
2017-08-20 12:03:13,460 INFO  [Log] X 
2017-08-20 12:03:13,460 INFO  [Log] X 
2017-08-20 12:03:13,460 INFO  [Log] X 
2017-08-20 12:03:13,460 INFO  [Log] **************************************************************************************** 
2017-08-20 12:03:13,460 INFO  [Log] **************************************************************************************** 
2017-08-20 12:03:13,460 INFO  [Log] $$$$$$$$$$$$$$$$$$$$$                 verifyLogin2       $$$$$$$$$$$$$$$$$$$$$$$$$ 
2017-08-20 12:03:13,460 INFO  [Log] **************************************************************************************** 
2017-08-20 12:03:13,460 INFO  [Log] **************************************************************************************** 
2017-08-20 12:03:13,461 INFO  [Log] User opens the browser 
2017-08-20 12:03:16,785 INFO  [Log] User navigates to application url 
2017-08-20 12:03:20,732 INFO  [Log] User enters user name 
2017-08-20 12:03:21,194 INFO  [Log] User validates page title 
2017-08-20 12:03:21,210 INFO  [Log] Close browser 
2017-08-20 12:03:21,960 INFO  [Log] XXXXXXXXXXXXXXXXXXXXXXX             -E---N---D-             XXXXXXXXXXXXXXXXXXXXXX 
2017-08-20 12:03:21,960 INFO  [Log] X 
2017-08-20 12:03:21,960 INFO  [Log] X 
2017-08-20 12:03:21,960 INFO  [Log] X 
2017-08-20 12:03:21,960 INFO  [Log] X 
2017-08-20 12:12:44,239 INFO  [Log] **************************************************************************************** 
2017-08-20 12:12:44,239 INFO  [Log] **************************************************************************************** 
2017-08-20 12:12:44,239 INFO  [Log] $$$$$$$$$$$$$$$$$$$$$                 verifyLogin       $$$$$$$$$$$$$$$$$$$$$$$$$ 
2017-08-20 12:12:44,239 INFO  [Log] **************************************************************************************** 
2017-08-20 12:12:44,239 INFO  [Log] **************************************************************************************** 
2017-08-20 12:12:44,240 INFO  [Log] User opens the browser 
2017-08-20 12:12:48,414 INFO  [Log] User navigates to application url 
2017-08-20 12:12:52,503 INFO  [Log] User enters user name 
2017-08-20 12:12:52,897 INFO  [Log] User moves to next screen to enter password 
2017-08-20 12:12:53,147 INFO  [Log] User enter password 
2017-08-20 12:12:54,143 INFO  [Log] User validates page title 
2017-08-20 12:12:54,160 INFO  [Log] Close browser 
2017-08-20 12:12:55,004 INFO  [Log] XXXXXXXXXXXXXXXXXXXXXXX             -E---N---D-             XXXXXXXXXXXXXXXXXXXXXX 
2017-08-20 12:12:55,004 INFO  [Log] X 
2017-08-20 12:12:55,004 INFO  [Log] X 
2017-08-20 12:12:55,005 INFO  [Log] X 
2017-08-20 12:12:55,005 INFO  [Log] X 
2017-08-20 12:12:55,005 INFO  [Log] **************************************************************************************** 
2017-08-20 12:12:55,005 INFO  [Log] **************************************************************************************** 
2017-08-20 12:12:55,005 INFO  [Log] $$$$$$$$$$$$$$$$$$$$$                 verifyLogin2       $$$$$$$$$$$$$$$$$$$$$$$$$ 
2017-08-20 12:12:55,005 INFO  [Log] **************************************************************************************** 
2017-08-20 12:12:55,005 INFO  [Log] **************************************************************************************** 
2017-08-20 12:12:55,005 INFO  [Log] User opens the browser 
2017-08-20 12:12:58,143 INFO  [Log] User navigates to application url 
2017-08-20 12:13:02,214 INFO  [Log] User enters user name 
2017-08-20 12:13:02,687 INFO  [Log] User validates page title 
2017-08-20 12:13:02,703 INFO  [Log] Close browser 
2017-08-20 12:13:03,412 INFO  [Log] XXXXXXXXXXXXXXXXXXXXXXX             -E---N---D-             XXXXXXXXXXXXXXXXXXXXXX 
2017-08-20 12:13:03,412 INFO  [Log] X 
2017-08-20 12:13:03,413 INFO  [Log] X 
2017-08-20 12:13:03,413 INFO  [Log] X 
2017-08-20 12:13:03,413 INFO  [Log] X 
